<?xml version="1.0" encoding="UTF-8"?>
<!-- Generated by org.testng.reporters.JUnitXMLReporter -->
<testsuite ignored="0" hostname="DESKTOP-1CVLIIA" failures="0" tests="4" name="tema7.2" time="60.368" errors="0" timestamp="2022-08-27T01:17:57 EEST">
  <testcase classname="loginTest" name="loginInvalidSteps" time="0.03"/>
  <testcase classname="loginTest" name="loginValidSteps" time="0.026"/>
  <testcase classname="HomePage" name="homeButtonWhenLoggedIn" time="5.594"/>
  <testcase classname="HomePage" name="homeButtonWhenNotLoggedIn" time="5.42"/>
</testsuite> <!-- tema7.2 -->
